# JRE version: Java(TM) SE Runtime Environment (13.0.1+9) (build 13.0.1+9)
# Java VM: Java HotSpot(TM) 64-Bit Server VM (13.0.1+9, mixed mode, sharing, tiered, compressed oops, g1 gc, windows-amd64)
Heap:
 garbage-first heap   total 122880K, used 34462K [0x0000000741a00000, 0x0000000800000000)
  region size 1024K, 13 young (13312K), 4 survivors (4096K)
 Metaspace       used 53942K, capacity 55564K, committed 55884K, reserved 1097728K
  class space    used 7352K, capacity 7965K, committed 8064K, reserved 1048576K
GC Heap History (20 events):
Event: 167.320 GC heap before
{Heap before GC invocations=11 (full 0):
 garbage-first heap   total 48128K, used 35419K [0x0000000741a00000, 0x0000000800000000)
  region size 1024K, 20 young (20480K), 2 survivors (2048K)
 Metaspace       used 31316K, capacity 32403K, committed 32512K, reserved 1077248K
  class space    used 4097K, capacity 4529K, committed 4608K, reserved 1048576K
}
Event: 167.324 GC heap after
{Heap after GC invocations=12 (full 0):
 garbage-first heap   total 48128K, used 17806K [0x0000000741a00000, 0x0000000800000000)
  region size 1024K, 3 young (3072K), 3 survivors (3072K)
 Metaspace       used 31316K, capacity 32403K, committed 32512K, reserved 1077248K
  class space    used 4097K, capacity 4529K, committed 4608K, reserved 1048576K
}
Event: 167.544 GC heap before
{Heap before GC invocations=12 (full 0):
 garbage-first heap   total 48128K, used 36238K [0x0000000741a00000, 0x0000000800000000)
  region size 1024K, 21 young (21504K), 3 survivors (3072K)
 Metaspace       used 34048K, capacity 35200K, committed 35328K, reserved 1079296K
  class space    used 4618K, capacity 5055K, committed 5120K, reserved 1048576K
}
Event: 167.549 GC heap after
{Heap after GC invocations=13 (full 0):
 garbage-first heap   total 48128K, used 18517K [0x0000000741a00000, 0x0000000800000000)
  region size 1024K, 2 young (2048K), 2 survivors (2048K)
 Metaspace       used 34048K, capacity 35200K, committed 35328K, reserved 1079296K
  class space    used 4618K, capacity 5055K, committed 5120K, reserved 1048576K
}
Event: 167.591 GC heap before
{Heap before GC invocations=13 (full 0):
 garbage-first heap   total 48128K, used 20565K [0x0000000741a00000, 0x0000000800000000)
  region size 1024K, 5 young (5120K), 2 survivors (2048K)
 Metaspace       used 34479K, capacity 35630K, committed 35840K, reserved 1079296K
  class space    used 4675K, capacity 5092K, committed 5120K, reserved 1048576K
}
Event: 167.596 GC heap after
{Heap after GC invocations=14 (full 0):
 garbage-first heap   total 48128K, used 18551K [0x0000000741a00000, 0x0000000800000000)
  region size 1024K, 2 young (2048K), 2 survivors (2048K)
 Metaspace       used 34479K, capacity 35630K, committed 35840K, reserved 1079296K
  class space    used 4675K, capacity 5092K, committed 5120K, reserved 1048576K
}
Event: 167.844 GC heap before
{Heap before GC invocations=15 (full 0):
 garbage-first heap   total 48128K, used 34935K [0x0000000741a00000, 0x0000000800000000)
  region size 1024K, 18 young (18432K), 2 survivors (2048K)
 Metaspace       used 37347K, capacity 38502K, committed 38732K, reserved 1083392K
  class space    used 5020K, capacity 5452K, committed 5504K, reserved 1048576K
}
Event: 167.849 GC heap after
{Heap after GC invocations=16 (full 0):
 garbage-first heap   total 48128K, used 19100K [0x0000000741a00000, 0x0000000800000000)
  region size 1024K, 2 young (2048K), 2 survivors (2048K)
 Metaspace       used 37347K, capacity 38502K, committed 38732K, reserved 1083392K
  class space    used 5020K, capacity 5452K, committed 5504K, reserved 1048576K
}
Event: 168.053 GC heap before
{Heap before GC invocations=16 (full 0):
 garbage-first heap   total 48128K, used 36508K [0x0000000741a00000, 0x0000000800000000)
  region size 1024K, 19 young (19456K), 2 survivors (2048K)
 Metaspace       used 40193K, capacity 41363K, committed 41420K, reserved 1085440K
  class space    used 5413K, capacity 5851K, committed 5888K, reserved 1048576K
}
Event: 168.059 GC heap after
{Heap after GC invocations=17 (full 0):
 garbage-first heap   total 48128K, used 19667K [0x0000000741a00000, 0x0000000800000000)
  region size 1024K, 2 young (2048K), 2 survivors (2048K)
 Metaspace       used 40193K, capacity 41363K, committed 41420K, reserved 1085440K
  class space    used 5413K, capacity 5851K, committed 5888K, reserved 1048576K
}
Event: 168.293 GC heap before
{Heap before GC invocations=17 (full 0):
 garbage-first heap   total 48128K, used 37075K [0x0000000741a00000, 0x0000000800000000)
  region size 1024K, 19 young (19456K), 2 survivors (2048K)
 Metaspace       used 42549K, capacity 43729K, committed 43852K, reserved 1087488K
  class space    used 5807K, capacity 6249K, committed 6272K, reserved 1048576K
}
Event: 168.298 GC heap after
{Heap after GC invocations=18 (full 0):
 garbage-first heap   total 48128K, used 20283K [0x0000000741a00000, 0x0000000800000000)
  region size 1024K, 2 young (2048K), 2 survivors (2048K)
 Metaspace       used 42549K, capacity 43729K, committed 43852K, reserved 1087488K
  class space    used 5807K, capacity 6249K, committed 6272K, reserved 1048576K
}
Event: 168.508 GC heap before
{Heap before GC invocations=18 (full 0):
 garbage-first heap   total 48128K, used 36667K [0x0000000741a00000, 0x0000000800000000)
  region size 1024K, 18 young (18432K), 2 survivors (2048K)
 Metaspace       used 43945K, capacity 45189K, committed 45388K, reserved 1087488K
  class space    used 6022K, capacity 6457K, committed 6528K, reserved 1048576K
}
Event: 168.516 GC heap after
{Heap after GC invocations=19 (full 0):
 garbage-first heap   total 122880K, used 21221K [0x0000000741a00000, 0x0000000800000000)
  region size 1024K, 3 young (3072K), 3 survivors (3072K)
 Metaspace       used 43945K, capacity 45189K, committed 45388K, reserved 1087488K
  class space    used 6022K, capacity 6457K, committed 6528K, reserved 1048576K
}
Event: 169.478 GC heap before
{Heap before GC invocations=19 (full 0):
 garbage-first heap   total 122880K, used 65253K [0x0000000741a00000, 0x0000000800000000)
  region size 1024K, 46 young (47104K), 3 survivors (3072K)
 Metaspace       used 47219K, capacity 48679K, committed 48972K, reserved 1091584K
  class space    used 6472K, capacity 6996K, committed 7040K, reserved 1048576K
}
Event: 169.488 GC heap after
{Heap after GC invocations=20 (full 0):
 garbage-first heap   total 122880K, used 23121K [0x0000000741a00000, 0x0000000800000000)
  region size 1024K, 4 young (4096K), 4 survivors (4096K)
 Metaspace       used 47219K, capacity 48679K, committed 48972K, reserved 1091584K
  class space    used 6472K, capacity 6996K, committed 7040K, reserved 1048576K
}
Event: 177.643 GC heap before
{Heap before GC invocations=20 (full 0):
 garbage-first heap   total 122880K, used 70225K [0x0000000741a00000, 0x0000000800000000)
  region size 1024K, 50 young (51200K), 4 survivors (4096K)
 Metaspace       used 50230K, capacity 51771K, committed 52044K, reserved 1093632K
  class space    used 6904K, capacity 7492K, committed 7552K, reserved 1048576K
}
Event: 177.660 GC heap after
{Heap after GC invocations=21 (full 0):
 garbage-first heap   total 122880K, used 25700K [0x0000000741a00000, 0x0000000800000000)
  region size 1024K, 6 young (6144K), 6 survivors (6144K)
 Metaspace       used 50230K, capacity 51771K, committed 52044K, reserved 1093632K
  class space    used 6904K, capacity 7492K, committed 7552K, reserved 1048576K
}
Event: 409.745 GC heap before
{Heap before GC invocations=21 (full 0):
 garbage-first heap   total 122880K, used 73828K [0x0000000741a00000, 0x0000000800000000)
  region size 1024K, 54 young (55296K), 6 survivors (6144K)
 Metaspace       used 53941K, capacity 55564K, committed 55884K, reserved 1097728K
  class space    used 7352K, capacity 7965K, committed 8064K, reserved 1048576K
}
Event: 409.774 GC heap after
{Heap after GC invocations=22 (full 0):
 garbage-first heap   total 122880K, used 26270K [0x0000000741a00000, 0x0000000800000000)
  region size 1024K, 4 young (4096K), 4 survivors (4096K)
 Metaspace       used 53941K, capacity 55564K, committed 55884K, reserved 1097728K
  class space    used 7352K, capacity 7965K, committed 8064K, reserved 1048576K
}

